Arguments: 
  F:\Program Files (x86)\nodejs\node.exe F:\Program Files (x86)\Yarn\bin\yarn.js add vue-material

PATH: 
  C:\Program Files (x86)\Common Files\Oracle\Java\javapath;C:\Windows\system32;C:\Windows;C:\Windows\System32\Wbem;C:\Windows\System32\WindowsPowerShell\v1.0\;C:\Windows\System32\OpenSSH\;.;F:\JavaEnviroment\Java\jdk1.8.0_191\lib;F:\JavaEnviroment\Java\jdk1.8.0_191\bin;F:\Program Files (x86)\Yarn\bin\;F:\JavaEnviroment\apache-maven-3.5.4\bin\;F:\JavaEnviroment\apache-maven-3.5.4\bin;F:\Program Files (x86)\TortoiseSVN\bin;C:\Program Files (x86)\Microsoft SQL Server\150\DTS\Binn\;F:\Program Files (x86)\Git\cmd;F:\Program Files (x86)\nodejs\;E:\flutter\bin;E:\flutter\dev;C:\Users\93655\AppData\Local\Microsoft\WindowsApps;C:\Users\93655\AppData\Local\Yarn\bin;F:\Program Files (x86)\node-v14.15.1-win-x64;F:\Program Files (x86)\Microsoft VS Code\bin;F:\Program Files (x86)\node-v14.15.1-win-x64\node_modules\npm;C:\Users\93655\AppData\Roaming\npm;F:\JavaEnviroment\nodejs\node_global

Yarn version: 
  1.22.4

Node version: 
  14.15.1

Platform: 
  win32 x64

Trace: 
  Error: EPERM: operation not permitted, unlink 'C:\Users\93655\Desktop\vite\my-blog\node_modules\esbuild\esbuild.exe'

npm manifest: 
  {
    "name": "my-blog",
    "version": "0.0.0",
    "scripts": {
      "dev": "vite",
      "build": "vite build",
      "serve": "vite preview"
    },
    "dependencies": {
      "vue": "^3.0.5"
    },
    "devDependencies": {
      "@vitejs/plugin-vue": "^1.2.1",
      "@vue/compiler-sfc": "^3.0.5",
      "vite": "^2.1.5"
    }
  }

yarn manifest: 
  No manifest

Lockfile: 
  No lockfile
